<?xml version="1.0" encoding="UTF-8"?>
<!-- Generated by org.testng.reporters.JUnitReportReporter -->
<testsuite hostname="sasi" failures="0" tests="2" name="com.TestScripts.InvalidEmailId" time="34.270" errors="0" timestamp="2024-04-29T15:05:07 IST" skipped="0">
  <testcase classname="com.TestScripts.InvalidEmailId" name="register" time="17.552"/>
  <testcase classname="com.TestScripts.InvalidEmailId" name="Login" time="16.718"/>
</testsuite> <!-- com.TestScripts.InvalidEmailId -->
