<?xml version="1.0" encoding="UTF-8"?>
<!-- Generated by org.testng.reporters.JUnitReportReporter -->
<testsuite hostname="sasi" failures="0" tests="1" name="com.TestScripts.RegisterTest" time="26.067" errors="0" timestamp="2024-04-24T15:35:51 IST" skipped="0">
  <testcase classname="com.TestScripts.RegisterTest" name="register_001" time="26.067"/>
</testsuite> <!-- com.TestScripts.RegisterTest -->
