<?xml version="1.0" encoding="UTF-8"?>
<!-- Generated by org.testng.reporters.JUnitReportReporter -->
<testsuite hostname="sasi" failures="0" tests="1" name="com.TestScripts.ElectronicsTest" time="7.870" errors="0" timestamp="2024-05-01T15:30:45 IST" skipped="0">
  <testcase classname="com.TestScripts.ElectronicsTest" name="register" time="7.870"/>
</testsuite> <!-- com.TestScripts.ElectronicsTest -->
