<?xml version="1.0" encoding="UTF-8"?>
<!-- Generated by org.testng.reporters.JUnitReportReporter -->
<testsuite hostname="sasi" failures="0" tests="2" name="com.TestScripts.ElectronicsTest1" time="22.823" errors="0" timestamp="2024-05-01T15:30:45 IST" skipped="0">
  <testcase classname="com.TestScripts.ElectronicsTest1" name="register" time="11.585"/>
  <testcase classname="com.TestScripts.ElectronicsTest1" name="Payment" time="11.238"/>
</testsuite> <!-- com.TestScripts.ElectronicsTest1 -->
